* using log directory ‘/Users/hanno/Documents/GitHub/gerda/gerda.Rcheck’
* using R version 4.4.0 (2024-04-24)
* using platform: aarch64-apple-darwin20
* R was compiled by
    Apple clang version 14.0.0 (clang-1400.0.29.202)
    GNU Fortran (GCC) 12.2.0
* running under: macOS 15.2
* using session charset: UTF-8
* using option ‘--as-cran’
* checking for file ‘gerda/DESCRIPTION’ ... OK
* this is package ‘gerda’ version ‘0.2.0’
* package encoding: UTF-8
* checking CRAN incoming feasibility ... [4s/16s] Note_to_CRAN_maintainers
Maintainer: ‘Hanno Hilbig <hhilbig@ucdavis.edu>’
* checking package namespace information ... OK
* checking package dependencies ... OK
* checking if this is a source package ... OK
* checking if there is a namespace ... OK
* checking for executable files ... OK
* checking for hidden files and directories ... OK
* checking for portable file names ... OK
* checking for sufficient/correct file permissions ... OK
* checking serialization versions ... OK
* checking whether package ‘gerda’ can be installed ... OK
* checking installed package size ... OK
* checking package directory ... OK
* checking for future file timestamps ... NOTE
unable to verify current time
* checking ‘build’ directory ... OK
* checking DESCRIPTION meta-information ... OK
* checking top-level files ... OK
* checking for left-over files ... OK
* checking index information ... OK
* checking package subdirectories ... OK
* checking code files for non-ASCII characters ... OK
* checking R files for syntax errors ... OK
* checking whether the package can be loaded ... OK
* checking whether the package can be loaded with stated dependencies ... OK
* checking whether the package can be unloaded cleanly ... OK
* checking whether the namespace can be loaded with stated dependencies ... OK
* checking whether the namespace can be unloaded cleanly ... OK
* checking use of S3 registration ... OK
* checking dependencies in R code ... OK
* checking S3 generic/method consistency ... OK
* checking replacement functions ... OK
* checking foreign function calls ... OK
* checking R code for possible problems ... OK
* checking Rd files ... OK
* checking Rd metadata ... OK
* checking Rd line widths ... OK
* checking Rd cross-references ... OK
* checking for missing documentation entries ... OK
* checking for code/documentation mismatches ... OK
* checking Rd \usage sections ... OK
* checking Rd contents ... OK
* checking for unstated dependencies in examples ... OK
* checking R/sysdata.rda ... OK
* checking installed files from ‘inst/doc’ ... OK
* checking files in ‘vignettes’ ... OK
* checking examples ... OK
* checking examples with --run-donttest ... [2s/14s] OK
* checking for unstated dependencies in ‘tests’ ... OK
* checking tests ... [10s/75s] OK
  Running ‘testthat.R’ [10s/74s]
* checking for unstated dependencies in vignettes ... OK
* checking package vignettes ... OK
* checking re-building of vignette outputs ... OK
* checking PDF version of manual ... OK
* checking HTML version of manual ... NOTE
Found the following HTML validation problems:
gerda_data_list.html:15:44 (gerda_data_list.Rd:5): Error: <main> is not recognized!
gerda_data_list.html:15:44 (gerda_data_list.Rd:5): Warning: discarding unexpected <main>
gerda_data_list.html:57:1 (gerda_data_list.Rd:22): Warning: discarding unexpected </main>
gerda_data_list.html:4:1 (gerda_data_list.Rd:5): Warning: <link> inserting "type" attribute
gerda_data_list.html:12:1 (gerda_data_list.Rd:5): Warning: <script> proprietary attribute "onload"
gerda_data_list.html:12:1 (gerda_data_list.Rd:5): Warning: <script> inserting "type" attribute
gerda_data_list.html:17:1 (gerda_data_list.Rd:5): Warning: <table> lacks "summary" attribute
gerda_data_list.html:35:1 (gerda_data_list.Rd:10): Warning: <table> lacks "summary" attribute
load_gerda_web.html:15:44 (load_gerda_web.Rd:5): Error: <main> is not recognized!
load_gerda_web.html:15:44 (load_gerda_web.Rd:5): Warning: discarding unexpected <main>
load_gerda_web.html:69:1 (load_gerda_web.Rd:30): Warning: discarding unexpected </main>
load_gerda_web.html:4:1 (load_gerda_web.Rd:5): Warning: <link> inserting "type" attribute
load_gerda_web.html:12:1 (load_gerda_web.Rd:5): Warning: <script> proprietary attribute "onload"
load_gerda_web.html:12:1 (load_gerda_web.Rd:5): Warning: <script> inserting "type" attribute
load_gerda_web.html:17:1 (load_gerda_web.Rd:5): Warning: <table> lacks "summary" attribute
load_gerda_web.html:35:1 (load_gerda_web.Rd:10): Warning: <table> lacks "summary" attribute
party_crosswalk.html:15:44 (party_crosswalk.Rd:5): Error: <main> is not recognized!
party_crosswalk.html:15:44 (party_crosswalk.Rd:5): Warning: discarding unexpected <main>
party_crosswalk.html:59:1 (party_crosswalk.Rd:22): Warning: discarding unexpected </main>
party_crosswalk.html:4:1 (party_crosswalk.Rd:5): Warning: <link> inserting "type" attribute
party_crosswalk.html:12:1 (party_crosswalk.Rd:5): Warning: <script> proprietary attribute "onload"
party_crosswalk.html:12:1 (party_crosswalk.Rd:5): Warning: <script> inserting "type" attribute
party_crosswalk.html:17:1 (party_crosswalk.Rd:5): Warning: <table> lacks "summary" attribute
party_crosswalk.html:35:1 (party_crosswalk.Rd:10): Warning: <table> lacks "summary" attribute
* checking for non-standard things in the check directory ... OK
* checking for detritus in the temp directory ... OK
* DONE
Status: 2 NOTEs
